app/build/intermediates/manifest_merge_blame_file/debug/manifest-merger-blame-debug-report.txt
1<?xml version="1.0" encoding="utf-8"?>
2<manifest xmlns:android="http://schemas.android.com/apk/res/android"
3    package="com.micklab.replication"
4    android:versionCode="1"
5    android:versionName="1.0" >
6
7    <uses-sdk
8        android:minSdkVersion="24"
9        android:targetSdkVersion="34" />
10
11    <uses-permission android:name="android.permission.INTERNET" />
11-->src/main/AndroidManifest.xml:3:5-67
11-->src/main/AndroidManifest.xml:3:22-64
12    <uses-permission android:name="android.permission.READ_EXTERNAL_STORAGE" />
12-->src/main/AndroidManifest.xml:4:5-80
12-->src/main/AndroidManifest.xml:4:22-77
13    <uses-permission android:name="android.permission.WRITE_EXTERNAL_STORAGE" />
13-->src/main/AndroidManifest.xml:5:5-81
13-->src/main/AndroidManifest.xml:5:22-78
14    <uses-permission android:name="android.permission.READ_MEDIA_IMAGES" />
14-->src/main/AndroidManifest.xml:6:5-76
14-->src/main/AndroidManifest.xml:6:22-73
15    <uses-permission android:name="android.permission.READ_MEDIA_VIDEO" />
15-->src/main/AndroidManifest.xml:7:5-75
15-->src/main/AndroidManifest.xml:7:22-72
16    <uses-permission android:name="android.permission.READ_MEDIA_AUDIO" />
16-->src/main/AndroidManifest.xml:8:5-75
16-->src/main/AndroidManifest.xml:8:22-72
17    <!-- MANAGE_EXTERNAL_STORAGE allows SAF-style all-files access; request at runtime only when necessary -->
18    <uses-permission android:name="android.permission.MANAGE_EXTERNAL_STORAGE" />
18-->src/main/AndroidManifest.xml:10:5-82
18-->src/main/AndroidManifest.xml:10:22-79
19
20    <application
20-->src/main/AndroidManifest.xml:12:5-28:19
21        android:debuggable="true"
22        android:extractNativeLibs="false"
23        android:label="replication"
23-->src/main/AndroidManifest.xml:14:9-36
24        android:theme="@android:style/Theme.Material.Light"
24-->src/main/AndroidManifest.xml:15:9-60
25        android:usesCleartextTraffic="true" >
25-->src/main/AndroidManifest.xml:13:9-44
26        <activity
26-->src/main/AndroidManifest.xml:17:9-26:20
27            android:name="com.micklab.replication.MainActivity"
27-->src/main/AndroidManifest.xml:18:13-41
28            android:exported="true" >
28-->src/main/AndroidManifest.xml:19:13-36
29            <intent-filter>
29-->src/main/AndroidManifest.xml:21:13-24:29
30                <action android:name="android.intent.action.MAIN" />
30-->src/main/AndroidManifest.xml:22:17-69
30-->src/main/AndroidManifest.xml:22:25-66
31
32                <category android:name="android.intent.category.LAUNCHER" />
32-->src/main/AndroidManifest.xml:23:17-77
32-->src/main/AndroidManifest.xml:23:27-74
33            </intent-filter>
34        </activity>
35    </application>
36
37</manifest>